0 info it worked if it ends with ok
1 verbose cli [ 'C:\\Program Files\\nodejs\\node.exe',
1 verbose cli   'C:\\ProgramData\\Chocolatey\\lib\\npm\\tools\\node_modules\\npm\\bin\\npm-cli.js',
1 verbose cli   'install',
1 verbose cli   '--save',
1 verbose cli   '@ionic-native/barcode-scanner' ]
2 info using npm@1.4.9
3 info using node@v7.7.4
4 warn package.json coolie@1.1.1 No repository field.
5 warn package.json coolie@1.1.1 No README data
6 warn package.json bcrypt-pbkdf@1.0.1 No repository field.
7 warn package.json punycode@1.4.1 punycode is also the name of a node core module.
8 warn package.json string_decoder@0.10.31 string_decoder is also the name of a node core module.
9 verbose readDependencies using package.json deps
10 verbose cache add [ '@ionic-native/barcode-scanner@^3.2.4', null ]
11 verbose cache add name=undefined spec="@ionic-native/barcode-scanner@^3.2.4" args=["@ionic-native/barcode-scanner@^3.2.4",null]
12 verbose parsed url Url {
12 verbose parsed url   protocol: null,
12 verbose parsed url   slashes: null,
12 verbose parsed url   auth: null,
12 verbose parsed url   host: null,
12 verbose parsed url   port: null,
12 verbose parsed url   hostname: null,
12 verbose parsed url   hash: null,
12 verbose parsed url   search: null,
12 verbose parsed url   query: null,
12 verbose parsed url   pathname: '@ionic-native/barcode-scanner@%5E3.2.4',
12 verbose parsed url   path: '@ionic-native/barcode-scanner@%5E3.2.4',
12 verbose parsed url   href: '@ionic-native/barcode-scanner@%5E3.2.4' }
13 verbose cache add name="" spec="ionic-native/barcode-scanner@^3.2.4" args=["","ionic-native/barcode-scanner@^3.2.4"]
14 verbose parsed url Url {
14 verbose parsed url   protocol: null,
14 verbose parsed url   slashes: null,
14 verbose parsed url   auth: null,
14 verbose parsed url   host: null,
14 verbose parsed url   port: null,
14 verbose parsed url   hostname: null,
14 verbose parsed url   hash: null,
14 verbose parsed url   search: null,
14 verbose parsed url   query: null,
14 verbose parsed url   pathname: 'ionic-native/barcode-scanner@%5E3.2.4',
14 verbose parsed url   path: 'ionic-native/barcode-scanner@%5E3.2.4',
14 verbose parsed url   href: 'ionic-native/barcode-scanner@%5E3.2.4' }
15 verbose cache add name="ionic-native/barcode-scanner" spec="^3.2.4" args=["ionic-native/barcode-scanner","^3.2.4"]
16 verbose parsed url Url {
16 verbose parsed url   protocol: null,
16 verbose parsed url   slashes: null,
16 verbose parsed url   auth: null,
16 verbose parsed url   host: null,
16 verbose parsed url   port: null,
16 verbose parsed url   hostname: null,
16 verbose parsed url   hash: null,
16 verbose parsed url   search: null,
16 verbose parsed url   query: null,
16 verbose parsed url   pathname: '%5E3.2.4',
16 verbose parsed url   path: '%5E3.2.4',
16 verbose parsed url   href: '%5E3.2.4' }
17 verbose addNamed [ 'ionic-native/barcode-scanner', '^3.2.4' ]
18 verbose addNamed [ null, '>=3.2.4-0 <4.0.0-0' ]
19 silly lockFile 6159fa7b-nic-native-barcode-scanner-3-2-4 ionic-native/barcode-scanner@^3.2.4
20 verbose lock ionic-native/barcode-scanner@^3.2.4 C:\Users\Arpit\AppData\Roaming\npm-cache\6159fa7b-nic-native-barcode-scanner-3-2-4.lock
21 silly addNameRange { name: 'ionic-native/barcode-scanner',
21 silly addNameRange   range: '>=3.2.4-0 <4.0.0-0',
21 silly addNameRange   hasData: false }
22 verbose url raw ionic-native/barcode-scanner
23 verbose url resolving [ 'https://registry.npmjs.org/',
23 verbose url resolving   './ionic-native/barcode-scanner' ]
24 verbose url resolved https://registry.npmjs.org/ionic-native/barcode-scanner
25 info trying registry request attempt 1 at 12:49:21 PM
26 http GET https://registry.npmjs.org/ionic-native/barcode-scanner
27 http 404 https://registry.npmjs.org/ionic-native/barcode-scanner
28 silly registry.get cb [ 404,
28 silly registry.get   { 'content-type': 'application/json',
28 silly registry.get     'cache-control': 'max-age=0',
28 silly registry.get     'content-length': '2',
28 silly registry.get     'accept-ranges': 'bytes',
28 silly registry.get     date: 'Sun, 26 Mar 2017 07:19:22 GMT',
28 silly registry.get     via: '1.1 varnish',
28 silly registry.get     age: '0',
28 silly registry.get     connection: 'close',
28 silly registry.get     'x-served-by': 'cache-ams4443-AMS',
28 silly registry.get     'x-cache': 'MISS',
28 silly registry.get     'x-cache-hits': '0',
28 silly registry.get     'x-timer': 'S1490512761.903149,VS0,VE315',
28 silly registry.get     vary: 'Accept-Encoding' } ]
29 silly lockFile 6159fa7b-nic-native-barcode-scanner-3-2-4 ionic-native/barcode-scanner@^3.2.4
30 silly lockFile 6159fa7b-nic-native-barcode-scanner-3-2-4 ionic-native/barcode-scanner@^3.2.4
31 error 404 Not Found
31 error 404
31 error 404 'ionic-native/barcode-scanner' is not in the npm registry.
31 error 404 You should bug the author to publish it
31 error 404 It was specified as a dependency of 'coolie'
31 error 404
31 error 404 Note that you can also install from a
31 error 404 tarball, folder, or http url, or git url.
32 error System Windows_NT 10.0.14393
33 error command "C:\\Program Files\\nodejs\\node.exe" "C:\\ProgramData\\Chocolatey\\lib\\npm\\tools\\node_modules\\npm\\bin\\npm-cli.js" "install" "--save" "@ionic-native/barcode-scanner"
34 error cwd C:\Users\Arpit\Desktop\COOLIE
35 error node -v v7.7.4
36 error npm -v 1.4.9
37 error code E404
38 verbose exit [ 1, true ]
